make --dry-run --always-make --keep-going --print-directory
make: Entering directory `/Users/henkaoua/Desktop/minishell'
mkdir -p obj/
gcc -c -Wall -Wextra -Werror -g -O0 -I include/ src/main.c -o obj/main.o
mkdir -p obj/
gcc -c -Wall -Wextra -Werror -g -O0 -I include/ src/commandzzzz.c -o obj/commandzzzz.o
mkdir -p obj/
gcc -c -Wall -Wextra -Werror -g -O0 -I include/ src/utils.c -o obj/utils.o
mkdir -p obj/
gcc -c -Wall -Wextra -Werror -g -O0 -I include/ src/built_in.c -o obj/built_in.o
mkdir -p obj/
gcc -c -Wall -Wextra -Werror -g -O0 -I include/ src/utils_built_in.c -o obj/utils_built_in.o
mkdir -p obj/
gcc -c -Wall -Wextra -Werror -g -O0 -I include/ src/echo.c -o obj/echo.o
mkdir -p obj/
gcc -c -Wall -Wextra -Werror -g -O0 -I include/ src/env.c -o obj/env.o
mkdir -p obj/
gcc -c -Wall -Wextra -Werror -g -O0 -I include/ src/export.c -o obj/export.o
mkdir -p obj/
gcc -c -Wall -Wextra -Werror -g -O0 -I include/ src/unset.c -o obj/unset.o
mkdir -p obj/
gcc -c -Wall -Wextra -Werror -g -O0 -I include/ src/cd.c -o obj/cd.o
mkdir -p obj/
gcc -c -Wall -Wextra -Werror -g -O0 -I include/ src/pwd.c -o obj/pwd.o
mkdir -p obj/
gcc -c -Wall -Wextra -Werror -g -O0 -I include/ src/signals.c -o obj/signals.o
mkdir -p obj/
gcc -c -Wall -Wextra -Werror -g -O0 -I include/ src/init.c -o obj/init.o
mkdir -p obj/
gcc -c -Wall -Wextra -Werror -g -O0 -I include/ src/exit.c -o obj/exit.o
mkdir -p obj/
gcc -c -Wall -Wextra -Werror -g -O0 -I include/ src/redirections.c -o obj/redirections.o
mkdir -p obj/
gcc -c -Wall -Wextra -Werror -g -O0 -I include/ src/linked_list.c -o obj/linked_list.o
mkdir -p obj/
gcc -c -Wall -Wextra -Werror -g -O0 -I include/ src/red_fncs.c -o obj/red_fncs.o
mkdir -p obj/
gcc -c -Wall -Wextra -Werror -g -O0 -I include/ src/split_modified.c -o obj/split_modified.o
mkdir -p obj/
gcc -c -Wall -Wextra -Werror -g -O0 -I include/ src/dollar_sign.c -o obj/dollar_sign.o
mkdir -p obj/
gcc -c -Wall -Wextra -Werror -g -O0 -I include/ src/one_more_utils.c -o obj/one_more_utils.o
mkdir -p obj/
gcc -c -Wall -Wextra -Werror -g -O0 -I include/ src/herdoc.c -o obj/herdoc.o
mkdir -p obj/
gcc -c -Wall -Wextra -Werror -g -O0 -I include/ src/append.c -o obj/append.o
echo "Compilation of obj/:  \033[1;32mOK\033[m\n"
make -C libft/
echo "Compilation of libft/:  \033[1;32mOK\033[m\n"
gcc -Wall -Wextra -Werror obj/main.o obj/commandzzzz.o obj/utils.o obj/built_in.o obj/utils_built_in.o obj/echo.o obj/env.o obj/export.o obj/unset.o obj/cd.o obj/pwd.o obj/signals.o obj/init.o obj/exit.o obj/redirections.o obj/linked_list.o obj/red_fncs.o obj/split_modified.o obj/dollar_sign.o obj/one_more_utils.o obj/herdoc.o obj/append.o -I include/ libft/libft.a -o minishell -lreadline -L /Users/henkaoua/.brew/opt/readline/lib -I /Users/henkaoua/.brew/opt/readline/include
echo "Compilation of minishell:  \033[1;32mOK\033[m\n"
clear
echo "\033[1;31m$HEADER\033[m"
make: Leaving directory `/Users/henkaoua/Desktop/minishell'
 
