make all --print-data-base --no-builtin-variables --no-builtin-rules --question
# GNU Make 3.81
# Copyright (C) 2006  Free Software Foundation, Inc.
# This is free software; see the source for copying conditions.
# There is NO warranty; not even for MERCHANTABILITY or FITNESS FOR A
# PARTICULAR PURPOSE.

# This program built for i386-apple-darwin11.3.0
 

# Make data base, printed on Wed Jun 29 19:26:26 2022

# Variables

# automatic
<D = $(patsubst %/,%,$(dir $<))
# automatic
?F = $(notdir $?)
# environment
VSCODE_LOG_NATIVE = false
# automatic
?D = $(patsubst %/,%,$(dir $?))
# automatic
@D = $(patsubst %/,%,$(dir $@))
# automatic
@F = $(notdir $@)
# makefile
CURDIR := /Users/anais/Desktop/42cursus-minishell
# makefile
SHELL = /bin/sh
# makefile (from `Makefile', line 35)
RM = rm -rf
# environment
VSCODE_NLS_CONFIG = {"locale":"en-us","availableLanguages":{},"_languagePackSupport":true}
# environment
_ = /usr/bin/make
# makefile (from `Makefile', line 31)
CFLAGS = -Wall -Wextra -Werror
# makefile (from `Makefile', line 1)
MAKEFILE_LIST :=  Makefile
# makefile (from `Makefile', line 3)
LIB_DIR = libft/
# makefile (from `Makefile', line 6)
SRCS = main.c commandzzzz.c utils.c built_in.c utils_built_in.c echo.c env.c export.c unset.c cd.c pwd.c signals.c init.c exit.c redirections.c linked_list.c red_fncs.c split_modified.c dollar_sign.c one_more_utils.c herdoc.c
# makefile (from `Makefile', line 4)
OBJ_DIR = obj/
# environment
VSCODE_VERBOSE_LOGGING = true
# makefile (from `Makefile', line 28)
OBJS = $(addprefix $(OBJ_DIR), $(SRCS:.c=.o))
# environment
VSCODE_IPC_HOOK_EXTHOST = /var/folders/z8/4_n2_12d5pj43vwdpd8ntnh40000gn/T/vscode-ipc-3c790be6-5028-4354-baf3-d167376acaa3.sock
# environment
VSCODE_CWD = /
# environment
PATH = /Users/anais/.brew/bin:/Library/Frameworks/Python.framework/Versions/3.10/bin:/usr/local/bin:/usr/bin:/bin:/usr/sbin:/sbin
# makefile (from `Makefile', line 32)
DEBUGGING = -g -O0
# makefile (from `Makefile', line 36)
 
AR = ar rc
# makefile (from `Makefile', line 5)
SRCS_DIR = src/
# environment
VSCODE_LOG_STACK = false
# environment
ELECTRON_RUN_AS_NODE = 1
# default
.FEATURES := target-specific order-only second-expansion else-if archives jobserver check-symlink
# environment
SSH_AUTH_SOCK = /private/tmp/com.apple.launchd.LYSbWUYCnN/Listeners
# automatic
%F = $(notdir $%)
# environment
HOMEBREW_TEMP = /tmp/anais/Homebrew/Temp
# environment
VSCODE_PIPE_LOGGING = true
# environment
PWD = /Users/anais/Desktop/42cursus-minishell
# environment
ORIGINAL_XDG_CURRENT_DESKTOP = undefined
# environment
VSCODE_AMD_ENTRYPOINT = vs/workbench/api/node/extensionHostProcess
# environment
HOME = /Users/anais
# default
MAKEFILEPATH = $(shell /usr/bin/xcode-select -print-path 2>/dev/null || echo /Developer)/Makefiles
# environment
VSCODE_CODE_CACHE_PATH = /Users/anais/Library/Application Support/Code/CachedData/c3511e6c69bb39013c4a4b7b9566ec1ca73fc4d5
# environment
LOGNAME = anais
# environment
APPLICATION_INSIGHTS_NO_DIAGNOSTIC_CHANNEL = 1
# makefile (from `Makefile', line 33)
LREADLINE = -lreadline
# environment
VSCODE_HANDLES_UNCAUGHT_ERRORS = true
# automatic
^D = $(patsubst %/,%,$(dir $^))
# environment
XPC_FLAGS = 0x0
# default
MAKE = $(MAKE_COMMAND)
# default
MAKECMDGOALS := all
# environment
HOMEBREW_CACHE = /tmp/anais/Homebrew/Caches
# environment
SHLVL = 1
# makefile (from `Makefile', line 2)
LIBFT = libft.a
# makefile (from `Makefile', line 34)
CC = gcc
# default
MAKE_VERSION := 3.81
# environment
USER = anais
# makefile
.DEFAULT_GOAL := all
# makefile (from `Makefile', line 1)
NAME = minishell
# automatic
%D = $(patsubst %/,%,$(dir $%))
# makefile (from `Makefile', line 30)
LFLAGS = -I include/
# default
MAKE_COMMAND := /Library/Developer/CommandLineTools/usr/bin/make
# default
.VARIABLES := 
# environment
TMPDIR = /var/folders/z8/4_n2_12d5pj43vwdpd8ntnh40000gn/T/
# automatic
*F = $(notdir $*)
# environment
VSCODE_IPC_HOOK = /Users/anais/Library/Application Support/Code/1.67.2-main.sock
# makefile
MAKEFLAGS = Rrqp
# environment
MFLAGS = -Rrqp
# automatic
*D = $(patsubst %/,%,$(dir $*))
# environment
XPC_SERVICE_NAME = com.microsoft.VSCode.17480
# automatic
+D = $(patsubst %/,%,$(dir $+))
# automatic
+F = $(notdir $+)
# environment
__CF_USER_TEXT_ENCODING = 0x1F5:0x0:0x0
# default
MAKEFILES := 
# automatic
<F = $(notdir $<)
# environment
LC_ALL = C
# makefile (from `Makefile', line 66)
define HEADER
.-=-=-=-=-=-=-=-=-=-=-=-=-=-=-=-=-=-=-=-=-=-=-=-=-=-=-=-=-.
.                                        		  .
:	        _      _    _        _ _		  :
| 	  _ __ (_)_ _ (_)__| |_  ___| | |		  |
!	 | '  \| | ' \| (_-< ' \/ -_) | |		  !
|	 |_|_|_|_|_||_|_/__/_||_\___|_|_|		  |
:			  by henkaoua && rohoarau	  :
:            		  run ./minishell       	  :
`-=-=-=-=-=-=-=-=-=-=-=-=-=-=-=-=-=-=-=-=-=-=-=-=-=-=-=-=-'
                                
endef
# automatic
^F = $(notdir $^)
# default
SUFFIXES := 
# default
.INCLUDE_DIRS = /usr/local/include
# environment
MAKELEVEL := 0
# environment
LANG = C
# environment
VSCODE_PID = 20416
# variable set hash-table stats:
# Load=77/1024=8%, Rehash=0, Collisions=5/116=4%
 

# Pattern-specific Variable Values

# No pattern-specific variable values.

# Directories

# . (device 16777220, inode 12886989493): 9 files, no impossibilities.
# src (device 16777220, inode 12886989601): 13 files, no impossibilities so far.

# 22 files, no impossibilities in 2 directories.

# Implicit Rules

obj/%.o: src/%.c
#  commands to execute (from `Makefile', line 41):
	@mkdir -p $(OBJ_DIR)
	$(CC) -c $(CFLAGS) $(DEBUGGING) $(LFLAGS) $< -o $@
	

# 1 implicit rules, 0 (0.0%) terminal.

# Files

# Not a target:
obj/redirections.o:
#  Implicit rule search has not been done.
#  Modification time never checked.
#  File has not been updated.

# Not a target:
obj/unset.o:
#  Implicit rule search has not been done.
#  Modification time never checked.
#  File has not been updated.

# Not a target:
obj/linked_list.o:
#  Implicit rule search has not been done.
#  Modification time never checked.
#  File has not been updated.

all: minishell
#  Phony target (prerequisite of .PHONY).
#  Command-line target.
#  Implicit rule search has not been done.
#  File does not exist.
#  File has been updated.
#  Needs to be updated (-q is set).
# variable set hash-table stats:
# Load=0/32=0%, Rehash=0, Collisions=0/7=0%

.PHONY: all clean re fclean
#  Implicit rule search has not been done.
#  Modification time never checked.
#  File has not been updated.

# Not a target:
obj/dollar_sign.o:
#  Implicit rule search has not been done.
#  Modification time never checked.
#  File has not been updated.

obj/main.o: src/main.c
#  Implicit rule search has been done.
#  Implicit/static pattern stem: `main'
#  File does not exist.
#  File has been updated.
#  Needs to be updated (-q is set).
# automatic
# @ := obj/main.o
# automatic
# % := 
# automatic
# * := main
# automatic
# + := src/main.c
# automatic
# | := 
# automatic
# < := src/main.c
# automatic
# ^ := src/main.c
# automatic
# ? := src/main.c
# variable set hash-table stats:
# Load=8/32=25%, Rehash=0, Collisions=1/17=6%
#  commands to execute (from `Makefile', line 41):
	@mkdir -p $(OBJ_DIR)
	$(CC) -c $(CFLAGS) $(DEBUGGING) $(LFLAGS) $< -o $@
	

# Not a target:
.SUFFIXES:
#  Implicit rule search has not been done.
#  Modification time never checked.
#  File has not been updated.

# Not a target:
Makefile:
#  Implicit rule search has been done.
#  Last modified 2022-06-29 19:25:53
#  File has been updated.
#  Successfully updated.
# variable set hash-table stats:
# Load=0/32=0%, Rehash=0, Collisions=0/0=0%

# Not a target:
obj/init.o:
#  Implicit rule search has not been done.
#  Modification time never checked.
#  File has not been updated.

minishell: obj/main.o obj/commandzzzz.o obj/utils.o obj/built_in.o obj/utils_built_in.o obj/echo.o obj/env.o obj/export.o obj/unset.o obj/cd.o obj/pwd.o obj/signals.o obj/init.o obj/exit.o obj/redirections.o obj/linked_list.o obj/red_fncs.o obj/split_modified.o obj/dollar_sign.o obj/one_more_utils.o obj/herdoc.o
#  Implicit rule search has not been done.
#  File does not exist.
#  File has been updated.
#  Needs to be updated (-q is set).
# variable set hash-table stats:
# Load=0/32=0%, Rehash=0, Collisions=0/7=0%
#  commands to execute (from `Makefile', line 45):
	@echo "Compilation of $(OBJ_DIR):  \033[1;32mOK\033[m\n"
	make -C $(LIB_DIR)
	@echo "Compilation of $(LIB_DIR):  \033[1;32mOK\033[m\n"
 
	$(CC) $(CFLAGS) $(OBJS) $(LFLAGS) $(LIB_DIR)$(LIBFT) -o $(NAME) -lreadline -L $(HOME)/.brew/opt/readline/lib -I $(HOME)/.brew/opt/readline/include
	@echo "Compilation of $(NAME):  \033[1;32mOK\033[m\n"
	clear
	@echo "\033[1;31m$$HEADER\033[m"
	

# Not a target:
obj/signals.o:
#  Implicit rule search has not been done.
#  Modification time never checked.
#  File has not been updated.

# Not a target:
obj/red_fncs.o:
#  Implicit rule search has not been done.
#  Modification time never checked.
#  File has not been updated.

# Not a target:
obj/pwd.o:
#  Implicit rule search has not been done.
#  Modification time never checked.
#  File has not been updated.

# Not a target:
obj/cd.o:
#  Implicit rule search has not been done.
#  Modification time never checked.
#  File has not been updated.

# Not a target:
obj/built_in.o:
#  Implicit rule search has not been done.
#  Modification time never checked.
#  File has not been updated.

fclean: clean
#  Phony target (prerequisite of .PHONY).
#  Implicit rule search has not been done.
#  File does not exist.
#  File has not been updated.
#  commands to execute (from `Makefile', line 60):
	$(RM) $(NAME)
	make -C $(LIB_DIR) fclean
	@echo "\033[1;31mminishell and libft cleaned\033[m"
	

# Not a target:
src/main.c:
#  Implicit rule search has been done.
#  Last modified 2022-06-29 19:25:53
#  File has been updated.
#  Successfully updated.
# variable set hash-table stats:
# Load=0/32=0%, Rehash=0, Collisions=0/0=0%

# Not a target:
obj/echo.o:
#  Implicit rule search has not been done.
#  Modification time never checked.
#  File has not been updated.

# Not a target:
obj/herdoc.o:
#  Implicit rule search has not been done.
#  Modification time never checked.
#  File has not been updated.

# Not a target:
obj/export.o:
#  Implicit rule search has not been done.
#  Modification time never checked.
#  File has not been updated.

# Not a target:
.DEFAULT:
#  Implicit rule search has not been done.
#  Modification time never checked.
#  File has not been updated.

# Not a target:
obj/one_more_utils.o:
#  Implicit rule search has not been done.
#  Modification time never checked.
#  File has not been updated.

re: fclean all
#  Phony target (prerequisite of .PHONY).
#  Implicit rule search has not been done.
#  File does not exist.
#  File has not been updated.

clean:
#  Phony target (prerequisite of .PHONY).
#  Implicit rule search has not been done.
#  File does not exist.
#  File has not been updated.
#  commands to execute (from `Makefile', line 54):
	$(RM) $(OBJ_DIR)
	$(RM) $(OBJS)
	make -C $(LIB_DIR) clean
	@echo "\033[1;31mObjects removed\033[m"
	

# Not a target:
obj/utils.o:
#  Implicit rule search has not been done.
#  Modification time never checked.
#  File has not been updated.

# Not a target:
obj/utils_built_in.o:
#  Implicit rule search has not been done.
#  Modification time never checked.
#  File has not been updated.

# Not a target:
obj/split_modified.o:
#  Implicit rule search has not been done.
#  Modification time never checked.
#  File has not been updated.

# Not a target:
obj/commandzzzz.o:
#  Implicit rule search has not been done.
#  Modification time never checked.
#  File has not been updated.

# Not a target:
obj/env.o:
#  Implicit rule search has not been done.
#  Modification time never checked.
#  File has not been updated.

# Not a target:
obj/exit.o:
#  Implicit rule search has not been done.
#  Modification time never checked.
#  File has not been updated.

# files hash-table stats:
# Load=31/1024=3%, Rehash=0, Collisions=4/76=5%
# VPATH Search Paths

# No `vpath' search paths.

# No general (`VPATH' variable) search path.

# # of strings in strcache: 1
# # of strcache buffers: 1
# strcache size: total = 4096 / max = 4096 / min = 4096 / avg = 4096
# strcache free: total = 4087 / max = 4087 / min = 4087 / avg = 4087

# Finished Make data base on Wed Jun 29 19:26:26 2022

 
